12315:C 23 Nov 2022 17:49:25.383 # oO0OoO0OoO0Oo Redis is starting oO0OoO0OoO0Oo
12315:C 23 Nov 2022 17:49:25.383 # Redis version=6.0.16, bits=64, commit=00000000, modified=0, pid=12315, just started
12315:C 23 Nov 2022 17:49:25.383 # Configuration loaded
12315:M 23 Nov 2022 17:49:25.397 * Increased maximum number of open files to 10032 (it was originally set to 1024).
12315:M 23 Nov 2022 17:49:25.398 * Running mode=standalone, port=11000.
12315:M 23 Nov 2022 17:49:25.398 # Server initialized
12315:M 23 Nov 2022 17:49:25.398 # WARNING overcommit_memory is set to 0! Background save may fail under low memory condition. To fix this issue add 'vm.overcommit_memory = 1' to /etc/sysctl.conf and then reboot or run the command 'sysctl vm.overcommit_memory=1' for this to take effect.
12315:M 23 Nov 2022 17:49:25.398 * Ready to accept connections
12315:signal-handler (1669208600) Received SIGTERM scheduling shutdown...
12315:M 23 Nov 2022 18:03:20.449 # User requested shutdown...
12315:M 23 Nov 2022 18:03:20.449 * Removing the pid file.
12315:M 23 Nov 2022 18:03:20.449 # Redis is now ready to exit, bye bye...
935:C 23 Nov 2022 18:03:57.557 # oO0OoO0OoO0Oo Redis is starting oO0OoO0OoO0Oo
935:C 23 Nov 2022 18:03:57.557 # Redis version=6.0.16, bits=64, commit=00000000, modified=0, pid=935, just started
935:C 23 Nov 2022 18:03:57.557 # Configuration loaded
935:M 23 Nov 2022 18:03:57.561 * Increased maximum number of open files to 10032 (it was originally set to 1024).
935:M 23 Nov 2022 18:03:57.570 * Running mode=standalone, port=11000.
935:M 23 Nov 2022 18:03:57.570 # Server initialized
935:M 23 Nov 2022 18:03:57.570 # WARNING overcommit_memory is set to 0! Background save may fail under low memory condition. To fix this issue add 'vm.overcommit_memory = 1' to /etc/sysctl.conf and then reboot or run the command 'sysctl vm.overcommit_memory=1' for this to take effect.
935:M 23 Nov 2022 18:03:57.571 * Ready to accept connections
935:signal-handler (1669208707) Received SIGTERM scheduling shutdown...
935:M 23 Nov 2022 18:05:07.960 # User requested shutdown...
935:M 23 Nov 2022 18:05:07.960 * Removing the pid file.
935:M 23 Nov 2022 18:05:07.960 # Redis is now ready to exit, bye bye...
1769:C 23 Nov 2022 18:05:09.277 # oO0OoO0OoO0Oo Redis is starting oO0OoO0OoO0Oo
1769:C 23 Nov 2022 18:05:09.277 # Redis version=6.0.16, bits=64, commit=00000000, modified=0, pid=1769, just started
1769:C 23 Nov 2022 18:05:09.277 # Configuration loaded
1769:M 23 Nov 2022 18:05:09.277 * Increased maximum number of open files to 10032 (it was originally set to 1024).
1769:M 23 Nov 2022 18:05:09.278 * Running mode=standalone, port=11000.
1769:M 23 Nov 2022 18:05:09.278 # Server initialized
1769:M 23 Nov 2022 18:05:09.278 # WARNING overcommit_memory is set to 0! Background save may fail under low memory condition. To fix this issue add 'vm.overcommit_memory = 1' to /etc/sysctl.conf and then reboot or run the command 'sysctl vm.overcommit_memory=1' for this to take effect.
1769:M 23 Nov 2022 18:05:09.278 * Ready to accept connections
941:C 23 Nov 2022 18:10:47.040 # oO0OoO0OoO0Oo Redis is starting oO0OoO0OoO0Oo
941:C 23 Nov 2022 18:10:47.040 # Redis version=6.0.16, bits=64, commit=00000000, modified=0, pid=941, just started
941:C 23 Nov 2022 18:10:47.040 # Configuration loaded
941:M 23 Nov 2022 18:10:47.040 * Increased maximum number of open files to 10032 (it was originally set to 1024).
941:M 23 Nov 2022 18:10:47.074 * Running mode=standalone, port=11000.
941:M 23 Nov 2022 18:10:47.074 # Server initialized
941:M 23 Nov 2022 18:10:47.074 # WARNING overcommit_memory is set to 0! Background save may fail under low memory condition. To fix this issue add 'vm.overcommit_memory = 1' to /etc/sysctl.conf and then reboot or run the command 'sysctl vm.overcommit_memory=1' for this to take effect.
941:M 23 Nov 2022 18:10:47.074 * Ready to accept connections
957:C 26 Mar 2024 11:48:17.072 # oO0OoO0OoO0Oo Redis is starting oO0OoO0OoO0Oo
957:C 26 Mar 2024 11:48:17.072 # Redis version=6.0.16, bits=64, commit=00000000, modified=0, pid=957, just started
957:C 26 Mar 2024 11:48:17.072 # Configuration loaded
957:M 26 Mar 2024 11:48:17.074 * Increased maximum number of open files to 10032 (it was originally set to 1024).
957:M 26 Mar 2024 11:48:17.075 * Running mode=standalone, port=11000.
957:M 26 Mar 2024 11:48:17.075 # Server initialized
957:M 26 Mar 2024 11:48:17.075 # WARNING overcommit_memory is set to 0! Background save may fail under low memory condition. To fix this issue add 'vm.overcommit_memory = 1' to /etc/sysctl.conf and then reboot or run the command 'sysctl vm.overcommit_memory=1' for this to take effect.
957:M 26 Mar 2024 11:48:17.076 * Ready to accept connections
957:signal-handler (1711436510) Received SIGTERM scheduling shutdown...
957:M 26 Mar 2024 12:01:50.802 # User requested shutdown...
957:M 26 Mar 2024 12:01:50.802 * Removing the pid file.
957:M 26 Mar 2024 12:01:50.802 # Redis is now ready to exit, bye bye...
1995:C 26 Mar 2024 12:01:52.147 # oO0OoO0OoO0Oo Redis is starting oO0OoO0OoO0Oo
1995:C 26 Mar 2024 12:01:52.147 # Redis version=6.0.16, bits=64, commit=00000000, modified=0, pid=1995, just started
1995:C 26 Mar 2024 12:01:52.147 # Configuration loaded
1995:M 26 Mar 2024 12:01:52.149 * Increased maximum number of open files to 10032 (it was originally set to 1024).
1995:M 26 Mar 2024 12:01:52.159 * Running mode=standalone, port=11000.
1995:M 26 Mar 2024 12:01:52.159 # Server initialized
1995:M 26 Mar 2024 12:01:52.159 # WARNING overcommit_memory is set to 0! Background save may fail under low memory condition. To fix this issue add 'vm.overcommit_memory = 1' to /etc/sysctl.conf and then reboot or run the command 'sysctl vm.overcommit_memory=1' for this to take effect.
1995:M 26 Mar 2024 12:01:52.159 * Ready to accept connections
1995:signal-handler (1711436525) Received SIGTERM scheduling shutdown...
1995:M 26 Mar 2024 12:02:05.099 # User requested shutdown...
1995:M 26 Mar 2024 12:02:05.099 * Removing the pid file.
1995:M 26 Mar 2024 12:02:05.099 # Redis is now ready to exit, bye bye...
946:C 26 Mar 2024 12:02:29.813 # oO0OoO0OoO0Oo Redis is starting oO0OoO0OoO0Oo
946:C 26 Mar 2024 12:02:29.813 # Redis version=6.0.16, bits=64, commit=00000000, modified=0, pid=946, just started
946:C 26 Mar 2024 12:02:29.813 # Configuration loaded
946:M 26 Mar 2024 12:02:29.815 * Increased maximum number of open files to 10032 (it was originally set to 1024).
946:M 26 Mar 2024 12:02:29.842 * Running mode=standalone, port=11000.
946:M 26 Mar 2024 12:02:29.842 # Server initialized
946:M 26 Mar 2024 12:02:29.842 # WARNING overcommit_memory is set to 0! Background save may fail under low memory condition. To fix this issue add 'vm.overcommit_memory = 1' to /etc/sysctl.conf and then reboot or run the command 'sysctl vm.overcommit_memory=1' for this to take effect.
946:M 26 Mar 2024 12:02:29.843 * Ready to accept connections
946:signal-handler (1711437978) Received SIGTERM scheduling shutdown...
946:M 26 Mar 2024 12:26:19.000 # User requested shutdown...
946:M 26 Mar 2024 12:26:19.000 * Removing the pid file.
946:M 26 Mar 2024 12:26:19.000 # Redis is now ready to exit, bye bye...
967:C 26 Mar 2024 12:26:45.260 # oO0OoO0OoO0Oo Redis is starting oO0OoO0OoO0Oo
967:C 26 Mar 2024 12:26:45.260 # Redis version=6.0.16, bits=64, commit=00000000, modified=0, pid=967, just started
967:C 26 Mar 2024 12:26:45.260 # Configuration loaded
967:M 26 Mar 2024 12:26:45.262 * Increased maximum number of open files to 10032 (it was originally set to 1024).
967:M 26 Mar 2024 12:26:45.272 * Running mode=standalone, port=11000.
967:M 26 Mar 2024 12:26:45.272 # Server initialized
967:M 26 Mar 2024 12:26:45.273 # WARNING overcommit_memory is set to 0! Background save may fail under low memory condition. To fix this issue add 'vm.overcommit_memory = 1' to /etc/sysctl.conf and then reboot or run the command 'sysctl vm.overcommit_memory=1' for this to take effect.
967:M 26 Mar 2024 12:26:45.273 * Ready to accept connections
967:signal-handler (1711460016) Received SIGTERM scheduling shutdown...
967:M 26 Mar 2024 18:33:36.195 # User requested shutdown...
967:M 26 Mar 2024 18:33:36.195 * Removing the pid file.
967:M 26 Mar 2024 18:33:36.195 # Redis is now ready to exit, bye bye...
925:C 27 Mar 2024 17:13:38.265 # oO0OoO0OoO0Oo Redis is starting oO0OoO0OoO0Oo
925:C 27 Mar 2024 17:13:38.265 # Redis version=6.0.16, bits=64, commit=00000000, modified=0, pid=925, just started
925:C 27 Mar 2024 17:13:38.265 # Configuration loaded
925:M 27 Mar 2024 17:13:38.265 * Increased maximum number of open files to 10032 (it was originally set to 1024).
925:M 27 Mar 2024 17:13:38.403 * Running mode=standalone, port=11000.
925:M 27 Mar 2024 17:13:38.403 # Server initialized
925:M 27 Mar 2024 17:13:38.403 # WARNING overcommit_memory is set to 0! Background save may fail under low memory condition. To fix this issue add 'vm.overcommit_memory = 1' to /etc/sysctl.conf and then reboot or run the command 'sysctl vm.overcommit_memory=1' for this to take effect.
925:M 27 Mar 2024 17:13:38.404 * Ready to accept connections
925:signal-handler (1711545213) Received SIGTERM scheduling shutdown...
925:M 27 Mar 2024 18:13:33.795 # User requested shutdown...
925:M 27 Mar 2024 18:13:33.795 * Removing the pid file.
925:M 27 Mar 2024 18:13:33.795 # Redis is now ready to exit, bye bye...
918:C 27 Mar 2024 18:17:07.449 # oO0OoO0OoO0Oo Redis is starting oO0OoO0OoO0Oo
918:C 27 Mar 2024 18:17:07.450 # Redis version=6.0.16, bits=64, commit=00000000, modified=0, pid=918, just started
918:C 27 Mar 2024 18:17:07.450 # Configuration loaded
918:M 27 Mar 2024 18:17:07.453 * Increased maximum number of open files to 10032 (it was originally set to 1024).
918:M 27 Mar 2024 18:17:07.749 * Running mode=standalone, port=11000.
918:M 27 Mar 2024 18:17:07.751 # Server initialized
918:M 27 Mar 2024 18:17:07.751 # WARNING overcommit_memory is set to 0! Background save may fail under low memory condition. To fix this issue add 'vm.overcommit_memory = 1' to /etc/sysctl.conf and then reboot or run the command 'sysctl vm.overcommit_memory=1' for this to take effect.
918:M 27 Mar 2024 18:17:07.813 * Ready to accept connections
918:signal-handler (1711546062) Received SIGTERM scheduling shutdown...
918:M 27 Mar 2024 18:27:42.931 # User requested shutdown...
918:M 27 Mar 2024 18:27:42.931 * Removing the pid file.
918:M 27 Mar 2024 18:27:42.932 # Redis is now ready to exit, bye bye...
904:C 28 Mar 2024 09:36:41.196 # oO0OoO0OoO0Oo Redis is starting oO0OoO0OoO0Oo
904:C 28 Mar 2024 09:36:41.196 # Redis version=6.0.16, bits=64, commit=00000000, modified=0, pid=904, just started
904:C 28 Mar 2024 09:36:41.196 # Configuration loaded
904:M 28 Mar 2024 09:36:41.214 * Increased maximum number of open files to 10032 (it was originally set to 1024).
904:M 28 Mar 2024 09:36:41.219 * Running mode=standalone, port=11000.
904:M 28 Mar 2024 09:36:41.219 # Server initialized
904:M 28 Mar 2024 09:36:41.219 # WARNING overcommit_memory is set to 0! Background save may fail under low memory condition. To fix this issue add 'vm.overcommit_memory = 1' to /etc/sysctl.conf and then reboot or run the command 'sysctl vm.overcommit_memory=1' for this to take effect.
904:M 28 Mar 2024 09:36:41.222 * Ready to accept connections
904:signal-handler (1711605629) Received SIGTERM scheduling shutdown...
904:M 28 Mar 2024 11:00:29.887 # User requested shutdown...
904:M 28 Mar 2024 11:00:29.888 * Removing the pid file.
904:M 28 Mar 2024 11:00:29.888 # Redis is now ready to exit, bye bye...
923:C 28 Mar 2024 11:01:44.687 # oO0OoO0OoO0Oo Redis is starting oO0OoO0OoO0Oo
923:C 28 Mar 2024 11:01:44.687 # Redis version=6.0.16, bits=64, commit=00000000, modified=0, pid=923, just started
923:C 28 Mar 2024 11:01:44.687 # Configuration loaded
923:M 28 Mar 2024 11:01:44.746 * Increased maximum number of open files to 10032 (it was originally set to 1024).
923:M 28 Mar 2024 11:01:44.772 * Running mode=standalone, port=11000.
923:M 28 Mar 2024 11:01:44.772 # Server initialized
923:M 28 Mar 2024 11:01:44.772 # WARNING overcommit_memory is set to 0! Background save may fail under low memory condition. To fix this issue add 'vm.overcommit_memory = 1' to /etc/sysctl.conf and then reboot or run the command 'sysctl vm.overcommit_memory=1' for this to take effect.
923:M 28 Mar 2024 11:01:44.774 * Ready to accept connections
923:signal-handler (1711620907) Received SIGTERM scheduling shutdown...
923:M 28 Mar 2024 15:15:07.714 # User requested shutdown...
923:M 28 Mar 2024 15:15:07.714 * Removing the pid file.
923:M 28 Mar 2024 15:15:07.716 # Redis is now ready to exit, bye bye...
900:C 01 Apr 2024 16:57:45.953 # oO0OoO0OoO0Oo Redis is starting oO0OoO0OoO0Oo
900:C 01 Apr 2024 16:57:45.953 # Redis version=6.0.16, bits=64, commit=00000000, modified=0, pid=900, just started
900:C 01 Apr 2024 16:57:45.953 # Configuration loaded
900:M 01 Apr 2024 16:57:45.955 * Increased maximum number of open files to 10032 (it was originally set to 1024).
900:M 01 Apr 2024 16:57:46.028 * Running mode=standalone, port=11000.
900:M 01 Apr 2024 16:57:46.029 # Server initialized
900:M 01 Apr 2024 16:57:46.029 # WARNING overcommit_memory is set to 0! Background save may fail under low memory condition. To fix this issue add 'vm.overcommit_memory = 1' to /etc/sysctl.conf and then reboot or run the command 'sysctl vm.overcommit_memory=1' for this to take effect.
900:M 01 Apr 2024 16:57:46.029 * Ready to accept connections
900:signal-handler (1711972734) Received SIGTERM scheduling shutdown...
900:M 01 Apr 2024 16:58:54.178 # User requested shutdown...
900:M 01 Apr 2024 16:58:54.178 * Removing the pid file.
900:M 01 Apr 2024 16:58:54.178 # Redis is now ready to exit, bye bye...
884:C 08 May 2024 12:55:24.874 # oO0OoO0OoO0Oo Redis is starting oO0OoO0OoO0Oo
884:C 08 May 2024 12:55:24.874 # Redis version=6.0.16, bits=64, commit=00000000, modified=0, pid=884, just started
884:C 08 May 2024 12:55:24.874 # Configuration loaded
884:M 08 May 2024 12:55:24.876 * Increased maximum number of open files to 10032 (it was originally set to 1024).
884:M 08 May 2024 12:55:24.880 * Running mode=standalone, port=11000.
884:M 08 May 2024 12:55:24.880 # Server initialized
884:M 08 May 2024 12:55:24.880 # WARNING overcommit_memory is set to 0! Background save may fail under low memory condition. To fix this issue add 'vm.overcommit_memory = 1' to /etc/sysctl.conf and then reboot or run the command 'sysctl vm.overcommit_memory=1' for this to take effect.
884:M 08 May 2024 12:55:24.899 * Ready to accept connections
