Exception in thread Exception in thread Thread-1:
Thread-1:
Traceback (most recent call last):
Traceback (most recent call last):
  File "/usr/lib/python3.10/threading.py", line 1016, in _bootstrap_inner
  File "/usr/lib/python3.10/threading.py", line 1016, in _bootstrap_inner
        self.run()self.run()

  File "/home/frappe/frappe-bench/env/lib/python3.10/site-packages/redis/client.py", line 3718, in run
  File "/home/frappe/frappe-bench/env/lib/python3.10/site-packages/redis/client.py", line 3718, in run
        pubsub.get_message(ignore_subscribe_messages=True,pubsub.get_message(ignore_subscribe_messages=True,

  File "/home/frappe/frappe-bench/env/lib/python3.10/site-packages/redis/client.py", line 3617, in get_message
  File "/home/frappe/frappe-bench/env/lib/python3.10/site-packages/redis/client.py", line 3617, in get_message
    response = self.parse_response(block=False, timeout=timeout)
      File "/home/frappe/frappe-bench/env/lib/python3.10/site-packages/redis/client.py", line 3503, in parse_response
response = self.parse_response(block=False, timeout=timeout)
  File "/home/frappe/frappe-bench/env/lib/python3.10/site-packages/redis/client.py", line 3503, in parse_response
    if not block and not conn.can_read(timeout=timeout):
  File "/home/frappe/frappe-bench/env/lib/python3.10/site-packages/redis/connection.py", line 734, in can_read
    if not block and not conn.can_read(timeout=timeout):
  File "/home/frappe/frappe-bench/env/lib/python3.10/site-packages/redis/connection.py", line 734, in can_read
    return self._parser.can_read(timeout)
      File "/home/frappe/frappe-bench/env/lib/python3.10/site-packages/redis/connection.py", line 416, in can_read
return self._parser.can_read(timeout)
  File "/home/frappe/frappe-bench/env/lib/python3.10/site-packages/redis/connection.py", line 416, in can_read
        return self.read_from_socket(timeout=timeout,return self.read_from_socket(timeout=timeout,

  File "/home/frappe/frappe-bench/env/lib/python3.10/site-packages/redis/connection.py", line 429, in read_from_socket
  File "/home/frappe/frappe-bench/env/lib/python3.10/site-packages/redis/connection.py", line 429, in read_from_socket
    raise ConnectionError(SERVER_CLOSED_CONNECTION_ERROR)    
raise ConnectionError(SERVER_CLOSED_CONNECTION_ERROR)
redis.exceptions.redis.exceptionsConnectionError.: ConnectionErrorConnection closed by server.: 
Connection closed by server.
Exception in thread Thread-1:
Traceback (most recent call last):
  File "/usr/lib/python3.10/threading.py", line 1016, in _bootstrap_inner
    self.run()
  File "/home/frappe/frappe-bench/env/lib/python3.10/site-packages/redis/client.py", line 3718, in run
    pubsub.get_message(ignore_subscribe_messages=True,
  File "/home/frappe/frappe-bench/env/lib/python3.10/site-packages/redis/client.py", line 3617, in get_message
    response = self.parse_response(block=False, timeout=timeout)
  File "/home/frappe/frappe-bench/env/lib/python3.10/site-packages/redis/client.py", line 3503, in parse_response
    if not block and not conn.can_read(timeout=timeout):
  File "/home/frappe/frappe-bench/env/lib/python3.10/site-packages/redis/connection.py", line 734, in can_read
    return self._parser.can_read(timeout)
  File "/home/frappe/frappe-bench/env/lib/python3.10/site-packages/redis/connection.py", line 416, in can_read
    return self.read_from_socket(timeout=timeout,
  File "/home/frappe/frappe-bench/env/lib/python3.10/site-packages/redis/connection.py", line 429, in read_from_socket
    raise ConnectionError(SERVER_CLOSED_CONNECTION_ERROR)
redis.exceptions.ConnectionError: Connection closed by server.
/usr/lib/python3.10/functools.py:981: UserWarning: The 'filters_config' hook used to add custom operators is not yet implemented in frappe.db.query engine. Use db_query (frappe.get_list) instead.
  val = self.func(instance)
17:44:52 Traceback (most recent call last):
  File "/home/frappe/frappe-bench/env/lib/python3.10/site-packages/rq/worker.py", line 1075, in perform_job
    rv = job.perform()
  File "/home/frappe/frappe-bench/env/lib/python3.10/site-packages/rq/job.py", line 854, in perform
    self._result = self._execute()
  File "/home/frappe/frappe-bench/env/lib/python3.10/site-packages/rq/job.py", line 877, in _execute
    result = self.func(*self.args, **self.kwargs)
  File "/home/frappe/frappe-bench/apps/frappe/frappe/utils/background_jobs.py", line 159, in execute_job
    method(**kwargs)
  File "/home/frappe/frappe-bench/apps/frappe/frappe/core/doctype/user/user.py", line 1109, in create_contact
    contact.insert(
  File "/home/frappe/frappe-bench/apps/frappe/frappe/model/document.py", line 249, in insert
    self._validate_links()
  File "/home/frappe/frappe-bench/apps/frappe/frappe/model/document.py", line 876, in _validate_links
    frappe.throw(_("Could not find {0}").format(msg), frappe.LinkValidationError)
  File "/home/frappe/frappe-bench/apps/frappe/frappe/__init__.py", line 522, in throw
    msgprint(
  File "/home/frappe/frappe-bench/apps/frappe/frappe/__init__.py", line 490, in msgprint
    _raise_exception()
  File "/home/frappe/frappe-bench/apps/frappe/frappe/__init__.py", line 442, in _raise_exception
    raise raise_exception(msg)
frappe.exceptions.LinkValidationError: Could not find User Id: hafiz4saqib@gmail.com
Traceback (most recent call last):
  File "/home/frappe/frappe-bench/env/lib/python3.10/site-packages/rq/worker.py", line 1075, in perform_job
    rv = job.perform()
  File "/home/frappe/frappe-bench/env/lib/python3.10/site-packages/rq/job.py", line 854, in perform
    self._result = self._execute()
  File "/home/frappe/frappe-bench/env/lib/python3.10/site-packages/rq/job.py", line 877, in _execute
    result = self.func(*self.args, **self.kwargs)
  File "/home/frappe/frappe-bench/apps/frappe/frappe/utils/background_jobs.py", line 159, in execute_job
    method(**kwargs)
  File "/home/frappe/frappe-bench/apps/frappe/frappe/core/doctype/user/user.py", line 1109, in create_contact
    contact.insert(
  File "/home/frappe/frappe-bench/apps/frappe/frappe/model/document.py", line 249, in insert
    self._validate_links()
  File "/home/frappe/frappe-bench/apps/frappe/frappe/model/document.py", line 876, in _validate_links
    frappe.throw(_("Could not find {0}").format(msg), frappe.LinkValidationError)
  File "/home/frappe/frappe-bench/apps/frappe/frappe/__init__.py", line 522, in throw
    msgprint(
  File "/home/frappe/frappe-bench/apps/frappe/frappe/__init__.py", line 490, in msgprint
    _raise_exception()
  File "/home/frappe/frappe-bench/apps/frappe/frappe/__init__.py", line 442, in _raise_exception
    raise raise_exception(msg)
frappe.exceptions.LinkValidationError: Could not find User Id: hafiz4saqib@gmail.com
/home/frappe/frappe-bench/apps/frappe/frappe/core/doctype/user/user.py:1060: DeprecationWarning: for_update parameter is deprecated and will be removed in v15.
  frappe.db.set_value("User", name, "user_image", gravatar)
/usr/lib/python3.10/functools.py:981: UserWarning: The 'filters_config' hook used to add custom operators is not yet implemented in frappe.db.query engine. Use db_query (frappe.get_list) instead.
  val = self.func(instance)
/usr/lib/python3.10/functools.py:981: UserWarning: The 'filters_config' hook used to add custom operators is not yet implemented in frappe.db.query engine. Use db_query (frappe.get_list) instead.
  val = self.func(instance)
/usr/lib/python3.10/functools.py:981: UserWarning: The 'filters_config' hook used to add custom operators is not yet implemented in frappe.db.query engine. Use db_query (frappe.get_list) instead.
  val = self.func(instance)
/home/frappe/frappe-bench/apps/frappe/frappe/model/document.py:1166: DeprecationWarning: for_update parameter is deprecated and will be removed in v15.
  frappe.db.set_value(
/home/frappe/frappe-bench/apps/frappe/frappe/model/document.py:1166: DeprecationWarning: for_update parameter is deprecated and will be removed in v15.
  frappe.db.set_value(
/home/frappe/frappe-bench/apps/frappe/frappe/model/document.py:1166: DeprecationWarning: for_update parameter is deprecated and will be removed in v15.
  frappe.db.set_value(
/usr/lib/python3.10/functools.py:981: UserWarning: The 'filters_config' hook used to add custom operators is not yet implemented in frappe.db.query engine. Use db_query (frappe.get_list) instead.
  val = self.func(instance)
/home/frappe/frappe-bench/apps/frappe/frappe/model/document.py:1166: DeprecationWarning: for_update parameter is deprecated and will be removed in v15.
  frappe.db.set_value(
/home/frappe/frappe-bench/apps/frappe/frappe/model/document.py:1166: DeprecationWarning: for_update parameter is deprecated and will be removed in v15.
  frappe.db.set_value(
/home/frappe/frappe-bench/apps/frappe/frappe/model/document.py:1166: DeprecationWarning: for_update parameter is deprecated and will be removed in v15.
  frappe.db.set_value(
/usr/lib/python3.10/functools.py:981: UserWarning: The 'filters_config' hook used to add custom operators is not yet implemented in frappe.db.query engine. Use db_query (frappe.get_list) instead.
  val = self.func(instance)
/home/frappe/frappe-bench/apps/frappe/frappe/model/document.py:1166: DeprecationWarning: for_update parameter is deprecated and will be removed in v15.
  frappe.db.set_value(
/home/frappe/frappe-bench/apps/frappe/frappe/model/document.py:1166: DeprecationWarning: for_update parameter is deprecated and will be removed in v15.
  frappe.db.set_value(
/home/frappe/frappe-bench/apps/frappe/frappe/model/document.py:1166: DeprecationWarning: for_update parameter is deprecated and will be removed in v15.
  frappe.db.set_value(
/usr/lib/python3.10/functools.py:981: UserWarning: The 'filters_config' hook used to add custom operators is not yet implemented in frappe.db.query engine. Use db_query (frappe.get_list) instead.
  val = self.func(instance)
/home/frappe/frappe-bench/apps/frappe/frappe/core/doctype/user/user.py:1060: DeprecationWarning: for_update parameter is deprecated and will be removed in v15.
  frappe.db.set_value("User", name, "user_image", gravatar)
/usr/lib/python3.10/functools.py:981: UserWarning: The 'filters_config' hook used to add custom operators is not yet implemented in frappe.db.query engine. Use db_query (frappe.get_list) instead.
  val = self.func(instance)
/home/frappe/frappe-bench/apps/frappe/frappe/model/document.py:1166: DeprecationWarning: for_update parameter is deprecated and will be removed in v15.
  frappe.db.set_value(
/home/frappe/frappe-bench/apps/frappe/frappe/model/document.py:1166: DeprecationWarning: for_update parameter is deprecated and will be removed in v15.
  frappe.db.set_value(
/usr/lib/python3.10/functools.py:981: UserWarning: The 'filters_config' hook used to add custom operators is not yet implemented in frappe.db.query engine. Use db_query (frappe.get_list) instead.
  val = self.func(instance)
/home/frappe/frappe-bench/apps/frappe/frappe/model/document.py:1166: DeprecationWarning: for_update parameter is deprecated and will be removed in v15.
  frappe.db.set_value(
/home/frappe/frappe-bench/apps/frappe/frappe/model/document.py:1166: DeprecationWarning: for_update parameter is deprecated and will be removed in v15.
  frappe.db.set_value(
/home/frappe/frappe-bench/apps/frappe/frappe/model/document.py:1166: DeprecationWarning: for_update parameter is deprecated and will be removed in v15.
  frappe.db.set_value(
/usr/lib/python3.10/functools.py:981: UserWarning: The 'filters_config' hook used to add custom operators is not yet implemented in frappe.db.query engine. Use db_query (frappe.get_list) instead.
  val = self.func(instance)
/home/frappe/frappe-bench/apps/frappe/frappe/model/document.py:1166: DeprecationWarning: for_update parameter is deprecated and will be removed in v15.
  frappe.db.set_value(
/home/frappe/frappe-bench/apps/frappe/frappe/model/document.py:1166: DeprecationWarning: for_update parameter is deprecated and will be removed in v15.
  frappe.db.set_value(
/home/frappe/frappe-bench/apps/frappe/frappe/model/document.py:1166: DeprecationWarning: for_update parameter is deprecated and will be removed in v15.
  frappe.db.set_value(
/usr/lib/python3.10/functools.py:981: UserWarning: The 'filters_config' hook used to add custom operators is not yet implemented in frappe.db.query engine. Use db_query (frappe.get_list) instead.
  val = self.func(instance)
/home/frappe/frappe-bench/apps/frappe/frappe/model/document.py:1166: DeprecationWarning: for_update parameter is deprecated and will be removed in v15.
  frappe.db.set_value(
/home/frappe/frappe-bench/apps/frappe/frappe/model/document.py:1166: DeprecationWarning: for_update parameter is deprecated and will be removed in v15.
  frappe.db.set_value(
/home/frappe/frappe-bench/apps/frappe/frappe/model/document.py:1166: DeprecationWarning: for_update parameter is deprecated and will be removed in v15.
  frappe.db.set_value(
/usr/lib/python3.10/functools.py:981: UserWarning: The 'filters_config' hook used to add custom operators is not yet implemented in frappe.db.query engine. Use db_query (frappe.get_list) instead.
  val = self.func(instance)
/home/frappe/frappe-bench/apps/frappe/frappe/model/document.py:1166: DeprecationWarning: for_update parameter is deprecated and will be removed in v15.
  frappe.db.set_value(
/home/frappe/frappe-bench/apps/frappe/frappe/model/document.py:1166: DeprecationWarning: for_update parameter is deprecated and will be removed in v15.
  frappe.db.set_value(
/home/frappe/frappe-bench/apps/frappe/frappe/model/document.py:1166: DeprecationWarning: for_update parameter is deprecated and will be removed in v15.
  frappe.db.set_value(
/home/frappe/frappe-bench/apps/frappe/frappe/model/document.py:1166: DeprecationWarning: for_update parameter is deprecated and will be removed in v15.
  frappe.db.set_value(
/usr/lib/python3.10/functools.py:981: UserWarning: The 'filters_config' hook used to add custom operators is not yet implemented in frappe.db.query engine. Use db_query (frappe.get_list) instead.
  val = self.func(instance)
/usr/lib/python3.10/functools.py:981: UserWarning: The 'filters_config' hook used to add custom operators is not yet implemented in frappe.db.query engine. Use db_query (frappe.get_list) instead.
  val = self.func(instance)
/home/frappe/frappe-bench/apps/frappe/frappe/model/document.py:1166: DeprecationWarning: for_update parameter is deprecated and will be removed in v15.
  frappe.db.set_value(
/home/frappe/frappe-bench/apps/frappe/frappe/model/document.py:1166: DeprecationWarning: for_update parameter is deprecated and will be removed in v15.
  frappe.db.set_value(
/home/frappe/frappe-bench/apps/frappe/frappe/model/document.py:1166: DeprecationWarning: for_update parameter is deprecated and will be removed in v15.
  frappe.db.set_value(
/home/frappe/frappe-bench/apps/frappe/frappe/model/document.py:1166: DeprecationWarning: for_update parameter is deprecated and will be removed in v15.
  frappe.db.set_value(
/home/frappe/frappe-bench/apps/frappe/frappe/model/document.py:1166: DeprecationWarning: for_update parameter is deprecated and will be removed in v15.
  frappe.db.set_value(
/home/frappe/frappe-bench/apps/frappe/frappe/model/document.py:1166: DeprecationWarning: for_update parameter is deprecated and will be removed in v15.
  frappe.db.set_value(
/usr/lib/python3.10/functools.py:981: UserWarning: The 'filters_config' hook used to add custom operators is not yet implemented in frappe.db.query engine. Use db_query (frappe.get_list) instead.
  val = self.func(instance)
/usr/lib/python3.10/functools.py:981: UserWarning: The 'filters_config' hook used to add custom operators is not yet implemented in frappe.db.query engine. Use db_query (frappe.get_list) instead.
  val = self.func(instance)
/home/frappe/frappe-bench/apps/frappe/frappe/model/document.py:1166: DeprecationWarning: for_update parameter is deprecated and will be removed in v15.
  frappe.db.set_value(
/home/frappe/frappe-bench/apps/frappe/frappe/model/document.py:1166: DeprecationWarning: for_update parameter is deprecated and will be removed in v15.
  frappe.db.set_value(
/home/frappe/frappe-bench/apps/frappe/frappe/model/document.py:1166: DeprecationWarning: for_update parameter is deprecated and will be removed in v15.
  frappe.db.set_value(
/home/frappe/frappe-bench/apps/frappe/frappe/model/document.py:1166: DeprecationWarning: for_update parameter is deprecated and will be removed in v15.
  frappe.db.set_value(
/home/frappe/frappe-bench/apps/frappe/frappe/model/document.py:1166: DeprecationWarning: for_update parameter is deprecated and will be removed in v15.
  frappe.db.set_value(
/usr/lib/python3.10/functools.py:981: UserWarning: The 'filters_config' hook used to add custom operators is not yet implemented in frappe.db.query engine. Use db_query (frappe.get_list) instead.
  val = self.func(instance)
/home/frappe/frappe-bench/apps/frappe/frappe/model/document.py:1166: DeprecationWarning: for_update parameter is deprecated and will be removed in v15.
  frappe.db.set_value(
/usr/lib/python3.10/functools.py:981: UserWarning: The 'filters_config' hook used to add custom operators is not yet implemented in frappe.db.query engine. Use db_query (frappe.get_list) instead.
  val = self.func(instance)
/home/frappe/frappe-bench/apps/frappe/frappe/model/document.py:1166: DeprecationWarning: for_update parameter is deprecated and will be removed in v15.
  frappe.db.set_value(
/home/frappe/frappe-bench/apps/frappe/frappe/model/document.py:1166: DeprecationWarning: for_update parameter is deprecated and will be removed in v15.
  frappe.db.set_value(
/home/frappe/frappe-bench/apps/frappe/frappe/model/document.py:1166: DeprecationWarning: for_update parameter is deprecated and will be removed in v15.
  frappe.db.set_value(
/home/frappe/frappe-bench/apps/frappe/frappe/model/document.py:1166: DeprecationWarning: for_update parameter is deprecated and will be removed in v15.
  frappe.db.set_value(
/home/frappe/frappe-bench/apps/frappe/frappe/model/document.py:1166: DeprecationWarning: for_update parameter is deprecated and will be removed in v15.
  frappe.db.set_value(
/usr/lib/python3.10/functools.py:981: UserWarning: The 'filters_config' hook used to add custom operators is not yet implemented in frappe.db.query engine. Use db_query (frappe.get_list) instead.
  val = self.func(instance)
/home/frappe/frappe-bench/apps/frappe/frappe/model/document.py:1166: DeprecationWarning: for_update parameter is deprecated and will be removed in v15.
  frappe.db.set_value(
/usr/lib/python3.10/functools.py:981: UserWarning: The 'filters_config' hook used to add custom operators is not yet implemented in frappe.db.query engine. Use db_query (frappe.get_list) instead.
  val = self.func(instance)
/home/frappe/frappe-bench/apps/frappe/frappe/model/document.py:1166: DeprecationWarning: for_update parameter is deprecated and will be removed in v15.
  frappe.db.set_value(
/home/frappe/frappe-bench/apps/frappe/frappe/model/document.py:1166: DeprecationWarning: for_update parameter is deprecated and will be removed in v15.
  frappe.db.set_value(
/home/frappe/frappe-bench/apps/frappe/frappe/model/document.py:1166: DeprecationWarning: for_update parameter is deprecated and will be removed in v15.
  frappe.db.set_value(
/usr/lib/python3.10/functools.py:981: UserWarning: The 'filters_config' hook used to add custom operators is not yet implemented in frappe.db.query engine. Use db_query (frappe.get_list) instead.
  val = self.func(instance)
/home/frappe/frappe-bench/apps/frappe/frappe/model/document.py:1166: DeprecationWarning: for_update parameter is deprecated and will be removed in v15.
  frappe.db.set_value(
/home/frappe/frappe-bench/apps/frappe/frappe/model/document.py:1166: DeprecationWarning: for_update parameter is deprecated and will be removed in v15.
  frappe.db.set_value(
/home/frappe/frappe-bench/apps/frappe/frappe/model/document.py:1166: DeprecationWarning: for_update parameter is deprecated and will be removed in v15.
  frappe.db.set_value(
/usr/lib/python3.10/functools.py:981: UserWarning: The 'filters_config' hook used to add custom operators is not yet implemented in frappe.db.query engine. Use db_query (frappe.get_list) instead.
  val = self.func(instance)
/home/frappe/frappe-bench/apps/frappe/frappe/model/document.py:1166: DeprecationWarning: for_update parameter is deprecated and will be removed in v15.
  frappe.db.set_value(
/home/frappe/frappe-bench/apps/frappe/frappe/model/document.py:1166: DeprecationWarning: for_update parameter is deprecated and will be removed in v15.
  frappe.db.set_value(
/home/frappe/frappe-bench/env/lib/python3.10/site-packages/botocore/httpsession.py:19: DeprecationWarning: 'urllib3.contrib.pyopenssl' module is deprecated and will be removed in a future release of urllib3 2.x. Read more in this issue: https://github.com/urllib3/urllib3/issues/2680
  from urllib3.contrib.pyopenssl import orig_util_SSLContext as SSLContext
/home/frappe/frappe-bench/apps/frappe/frappe/model/document.py:1166: DeprecationWarning: for_update parameter is deprecated and will be removed in v15.
  frappe.db.set_value(
/usr/lib/python3.10/functools.py:981: UserWarning: The 'filters_config' hook used to add custom operators is not yet implemented in frappe.db.query engine. Use db_query (frappe.get_list) instead.
  val = self.func(instance)
/home/frappe/frappe-bench/apps/frappe/frappe/model/document.py:1166: DeprecationWarning: for_update parameter is deprecated and will be removed in v15.
  frappe.db.set_value(
/home/frappe/frappe-bench/apps/frappe/frappe/model/document.py:1166: DeprecationWarning: for_update parameter is deprecated and will be removed in v15.
  frappe.db.set_value(
/home/frappe/frappe-bench/apps/frappe/frappe/model/document.py:1166: DeprecationWarning: for_update parameter is deprecated and will be removed in v15.
  frappe.db.set_value(
/usr/lib/python3.10/functools.py:981: UserWarning: The 'filters_config' hook used to add custom operators is not yet implemented in frappe.db.query engine. Use db_query (frappe.get_list) instead.
  val = self.func(instance)
/home/frappe/frappe-bench/apps/frappe/frappe/model/document.py:1166: DeprecationWarning: for_update parameter is deprecated and will be removed in v15.
  frappe.db.set_value(
/home/frappe/frappe-bench/apps/frappe/frappe/model/document.py:1166: DeprecationWarning: for_update parameter is deprecated and will be removed in v15.
  frappe.db.set_value(
/home/frappe/frappe-bench/apps/frappe/frappe/model/document.py:1166: DeprecationWarning: for_update parameter is deprecated and will be removed in v15.
  frappe.db.set_value(
/home/frappe/frappe-bench/apps/frappe/frappe/model/document.py:1166: DeprecationWarning: for_update parameter is deprecated and will be removed in v15.
  frappe.db.set_value(
/home/frappe/frappe-bench/apps/frappe/frappe/model/document.py:1166: DeprecationWarning: for_update parameter is deprecated and will be removed in v15.
  frappe.db.set_value(
/home/frappe/frappe-bench/apps/frappe/frappe/model/document.py:1166: DeprecationWarning: for_update parameter is deprecated and will be removed in v15.
  frappe.db.set_value(
/usr/lib/python3.10/functools.py:981: UserWarning: The 'filters_config' hook used to add custom operators is not yet implemented in frappe.db.query engine. Use db_query (frappe.get_list) instead.
  val = self.func(instance)
/usr/lib/python3.10/functools.py:981: UserWarning: The 'filters_config' hook used to add custom operators is not yet implemented in frappe.db.query engine. Use db_query (frappe.get_list) instead.
  val = self.func(instance)
/home/frappe/frappe-bench/apps/frappe/frappe/model/document.py:1166: DeprecationWarning: for_update parameter is deprecated and will be removed in v15.
  frappe.db.set_value(
/home/frappe/frappe-bench/apps/frappe/frappe/model/document.py:1166: DeprecationWarning: for_update parameter is deprecated and will be removed in v15.
  frappe.db.set_value(
/home/frappe/frappe-bench/apps/frappe/frappe/model/document.py:1166: DeprecationWarning: for_update parameter is deprecated and will be removed in v15.
  frappe.db.set_value(
/home/frappe/frappe-bench/apps/frappe/frappe/model/document.py:1166: DeprecationWarning: for_update parameter is deprecated and will be removed in v15.
  frappe.db.set_value(
/home/frappe/frappe-bench/apps/frappe/frappe/model/document.py:1166: DeprecationWarning: for_update parameter is deprecated and will be removed in v15.
  frappe.db.set_value(
/usr/lib/python3.10/functools.py:981: UserWarning: The 'filters_config' hook used to add custom operators is not yet implemented in frappe.db.query engine. Use db_query (frappe.get_list) instead.
  val = self.func(instance)
/home/frappe/frappe-bench/apps/frappe/frappe/model/document.py:1166: DeprecationWarning: for_update parameter is deprecated and will be removed in v15.
  frappe.db.set_value(
/usr/lib/python3.10/functools.py:981: UserWarning: The 'filters_config' hook used to add custom operators is not yet implemented in frappe.db.query engine. Use db_query (frappe.get_list) instead.
  val = self.func(instance)
/home/frappe/frappe-bench/apps/frappe/frappe/model/document.py:1166: DeprecationWarning: for_update parameter is deprecated and will be removed in v15.
  frappe.db.set_value(
/home/frappe/frappe-bench/apps/frappe/frappe/model/document.py:1166: DeprecationWarning: for_update parameter is deprecated and will be removed in v15.
  frappe.db.set_value(
/home/frappe/frappe-bench/apps/frappe/frappe/model/document.py:1166: DeprecationWarning: for_update parameter is deprecated and will be removed in v15.
  frappe.db.set_value(
/usr/lib/python3.10/functools.py:981: UserWarning: The 'filters_config' hook used to add custom operators is not yet implemented in frappe.db.query engine. Use db_query (frappe.get_list) instead.
  val = self.func(instance)
/home/frappe/frappe-bench/apps/frappe/frappe/model/document.py:1166: DeprecationWarning: for_update parameter is deprecated and will be removed in v15.
  frappe.db.set_value(
/home/frappe/frappe-bench/apps/frappe/frappe/model/document.py:1166: DeprecationWarning: for_update parameter is deprecated and will be removed in v15.
  frappe.db.set_value(
/home/frappe/frappe-bench/apps/frappe/frappe/model/document.py:1166: DeprecationWarning: for_update parameter is deprecated and will be removed in v15.
  frappe.db.set_value(
/usr/lib/python3.10/functools.py:981: UserWarning: The 'filters_config' hook used to add custom operators is not yet implemented in frappe.db.query engine. Use db_query (frappe.get_list) instead.
  val = self.func(instance)
/home/frappe/frappe-bench/apps/frappe/frappe/model/document.py:1166: DeprecationWarning: for_update parameter is deprecated and will be removed in v15.
  frappe.db.set_value(
/home/frappe/frappe-bench/apps/frappe/frappe/model/document.py:1166: DeprecationWarning: for_update parameter is deprecated and will be removed in v15.
  frappe.db.set_value(
/home/frappe/frappe-bench/env/lib/python3.10/site-packages/botocore/httpsession.py:19: DeprecationWarning: 'urllib3.contrib.pyopenssl' module is deprecated and will be removed in a future release of urllib3 2.x. Read more in this issue: https://github.com/urllib3/urllib3/issues/2680
  from urllib3.contrib.pyopenssl import orig_util_SSLContext as SSLContext
/home/frappe/frappe-bench/apps/frappe/frappe/model/document.py:1166: DeprecationWarning: for_update parameter is deprecated and will be removed in v15.
  frappe.db.set_value(
/home/frappe/frappe-bench/apps/frappe/frappe/model/document.py:1166: DeprecationWarning: for_update parameter is deprecated and will be removed in v15.
  frappe.db.set_value(
/usr/lib/python3.10/functools.py:981: UserWarning: The 'filters_config' hook used to add custom operators is not yet implemented in frappe.db.query engine. Use db_query (frappe.get_list) instead.
  val = self.func(instance)
/home/frappe/frappe-bench/apps/frappe/frappe/model/document.py:1166: DeprecationWarning: for_update parameter is deprecated and will be removed in v15.
  frappe.db.set_value(
/home/frappe/frappe-bench/apps/frappe/frappe/model/document.py:1166: DeprecationWarning: for_update parameter is deprecated and will be removed in v15.
  frappe.db.set_value(
/home/frappe/frappe-bench/apps/frappe/frappe/model/document.py:1166: DeprecationWarning: for_update parameter is deprecated and will be removed in v15.
  frappe.db.set_value(
/home/frappe/frappe-bench/apps/frappe/frappe/model/document.py:1166: DeprecationWarning: for_update parameter is deprecated and will be removed in v15.
  frappe.db.set_value(
/usr/lib/python3.10/functools.py:981: UserWarning: The 'filters_config' hook used to add custom operators is not yet implemented in frappe.db.query engine. Use db_query (frappe.get_list) instead.
  val = self.func(instance)
/home/frappe/frappe-bench/apps/frappe/frappe/model/document.py:1166: DeprecationWarning: for_update parameter is deprecated and will be removed in v15.
  frappe.db.set_value(
/usr/lib/python3.10/functools.py:981: UserWarning: The 'filters_config' hook used to add custom operators is not yet implemented in frappe.db.query engine. Use db_query (frappe.get_list) instead.
  val = self.func(instance)
/home/frappe/frappe-bench/apps/frappe/frappe/model/document.py:1166: DeprecationWarning: for_update parameter is deprecated and will be removed in v15.
  frappe.db.set_value(
/home/frappe/frappe-bench/apps/frappe/frappe/model/document.py:1166: DeprecationWarning: for_update parameter is deprecated and will be removed in v15.
  frappe.db.set_value(
/home/frappe/frappe-bench/apps/frappe/frappe/model/document.py:1166: DeprecationWarning: for_update parameter is deprecated and will be removed in v15.
  frappe.db.set_value(
/home/frappe/frappe-bench/apps/frappe/frappe/model/document.py:1166: DeprecationWarning: for_update parameter is deprecated and will be removed in v15.
  frappe.db.set_value(
/home/frappe/frappe-bench/apps/frappe/frappe/model/document.py:1166: DeprecationWarning: for_update parameter is deprecated and will be removed in v15.
  frappe.db.set_value(
/home/frappe/frappe-bench/apps/frappe/frappe/model/document.py:1166: DeprecationWarning: for_update parameter is deprecated and will be removed in v15.
  frappe.db.set_value(
/usr/lib/python3.10/functools.py:981: UserWarning: The 'filters_config' hook used to add custom operators is not yet implemented in frappe.db.query engine. Use db_query (frappe.get_list) instead.
  val = self.func(instance)
/usr/lib/python3.10/functools.py:981: UserWarning: The 'filters_config' hook used to add custom operators is not yet implemented in frappe.db.query engine. Use db_query (frappe.get_list) instead.
  val = self.func(instance)
/home/frappe/frappe-bench/apps/frappe/frappe/model/document.py:1166: DeprecationWarning: for_update parameter is deprecated and will be removed in v15.
  frappe.db.set_value(
/home/frappe/frappe-bench/apps/frappe/frappe/model/document.py:1166: DeprecationWarning: for_update parameter is deprecated and will be removed in v15.
  frappe.db.set_value(
/home/frappe/frappe-bench/apps/frappe/frappe/model/document.py:1166: DeprecationWarning: for_update parameter is deprecated and will be removed in v15.
  frappe.db.set_value(
/home/frappe/frappe-bench/apps/frappe/frappe/model/document.py:1166: DeprecationWarning: for_update parameter is deprecated and will be removed in v15.
  frappe.db.set_value(
/home/frappe/frappe-bench/apps/erpnext/erpnext/setup/doctype/company/company.py:660: DeprecationWarning: for_update parameter is deprecated and will be removed in v15.
  frappe.db.set_value("Company", company, "sales_monthly_history", json.dumps(month_to_value_dict))
/home/frappe/frappe-bench/apps/erpnext/erpnext/setup/doctype/company/company.py:665: DeprecationWarning: for_update parameter is deprecated and will be removed in v15.
  frappe.db.set_value(
/home/frappe/frappe-bench/apps/frappe/frappe/model/document.py:1166: DeprecationWarning: for_update parameter is deprecated and will be removed in v15.
  frappe.db.set_value(
/home/frappe/frappe-bench/apps/frappe/frappe/model/document.py:1166: DeprecationWarning: for_update parameter is deprecated and will be removed in v15.
  frappe.db.set_value(
/usr/lib/python3.10/functools.py:981: UserWarning: The 'filters_config' hook used to add custom operators is not yet implemented in frappe.db.query engine. Use db_query (frappe.get_list) instead.
  val = self.func(instance)
/usr/lib/python3.10/functools.py:981: UserWarning: The 'filters_config' hook used to add custom operators is not yet implemented in frappe.db.query engine. Use db_query (frappe.get_list) instead.
  val = self.func(instance)
/home/frappe/frappe-bench/apps/frappe/frappe/model/document.py:1166: DeprecationWarning: for_update parameter is deprecated and will be removed in v15.
  frappe.db.set_value(
/home/frappe/frappe-bench/apps/frappe/frappe/model/document.py:1166: DeprecationWarning: for_update parameter is deprecated and will be removed in v15.
  frappe.db.set_value(
/home/frappe/frappe-bench/apps/frappe/frappe/model/document.py:1166: DeprecationWarning: for_update parameter is deprecated and will be removed in v15.
  frappe.db.set_value(
/usr/lib/python3.10/functools.py:981: UserWarning: The 'filters_config' hook used to add custom operators is not yet implemented in frappe.db.query engine. Use db_query (frappe.get_list) instead.
  val = self.func(instance)
/home/frappe/frappe-bench/apps/frappe/frappe/model/document.py:1166: DeprecationWarning: for_update parameter is deprecated and will be removed in v15.
  frappe.db.set_value(
/home/frappe/frappe-bench/apps/frappe/frappe/model/document.py:1166: DeprecationWarning: for_update parameter is deprecated and will be removed in v15.
  frappe.db.set_value(
/home/frappe/frappe-bench/env/lib/python3.10/site-packages/botocore/httpsession.py:19: DeprecationWarning: 'urllib3.contrib.pyopenssl' module is deprecated and will be removed in a future release of urllib3 2.x. Read more in this issue: https://github.com/urllib3/urllib3/issues/2680
  from urllib3.contrib.pyopenssl import orig_util_SSLContext as SSLContext
/home/frappe/frappe-bench/apps/frappe/frappe/model/document.py:1166: DeprecationWarning: for_update parameter is deprecated and will be removed in v15.
  frappe.db.set_value(
/usr/lib/python3.10/functools.py:981: UserWarning: The 'filters_config' hook used to add custom operators is not yet implemented in frappe.db.query engine. Use db_query (frappe.get_list) instead.
  val = self.func(instance)
/home/frappe/frappe-bench/apps/frappe/frappe/model/document.py:1166: DeprecationWarning: for_update parameter is deprecated and will be removed in v15.
  frappe.db.set_value(
/home/frappe/frappe-bench/apps/frappe/frappe/model/document.py:1166: DeprecationWarning: for_update parameter is deprecated and will be removed in v15.
  frappe.db.set_value(
/home/frappe/frappe-bench/apps/frappe/frappe/model/document.py:1166: DeprecationWarning: for_update parameter is deprecated and will be removed in v15.
  frappe.db.set_value(
/home/frappe/frappe-bench/apps/frappe/frappe/model/document.py:1166: DeprecationWarning: for_update parameter is deprecated and will be removed in v15.
  frappe.db.set_value(
/home/frappe/frappe-bench/apps/frappe/frappe/model/document.py:1166: DeprecationWarning: for_update parameter is deprecated and will be removed in v15.
  frappe.db.set_value(
/usr/lib/python3.10/functools.py:981: UserWarning: The 'filters_config' hook used to add custom operators is not yet implemented in frappe.db.query engine. Use db_query (frappe.get_list) instead.
  val = self.func(instance)
/home/frappe/frappe-bench/apps/frappe/frappe/model/document.py:1166: DeprecationWarning: for_update parameter is deprecated and will be removed in v15.
  frappe.db.set_value(
/home/frappe/frappe-bench/apps/frappe/frappe/model/document.py:1166: DeprecationWarning: for_update parameter is deprecated and will be removed in v15.
  frappe.db.set_value(
/home/frappe/frappe-bench/apps/frappe/frappe/model/document.py:1166: DeprecationWarning: for_update parameter is deprecated and will be removed in v15.
  frappe.db.set_value(
/usr/lib/python3.10/functools.py:981: UserWarning: The 'filters_config' hook used to add custom operators is not yet implemented in frappe.db.query engine. Use db_query (frappe.get_list) instead.
  val = self.func(instance)
/home/frappe/frappe-bench/apps/frappe/frappe/model/document.py:1166: DeprecationWarning: for_update parameter is deprecated and will be removed in v15.
  frappe.db.set_value(
/home/frappe/frappe-bench/apps/frappe/frappe/model/document.py:1166: DeprecationWarning: for_update parameter is deprecated and will be removed in v15.
  frappe.db.set_value(
/home/frappe/frappe-bench/apps/frappe/frappe/model/document.py:1166: DeprecationWarning: for_update parameter is deprecated and will be removed in v15.
  frappe.db.set_value(
/usr/lib/python3.10/functools.py:981: UserWarning: The 'filters_config' hook used to add custom operators is not yet implemented in frappe.db.query engine. Use db_query (frappe.get_list) instead.
  val = self.func(instance)
/home/frappe/frappe-bench/apps/frappe/frappe/model/document.py:1166: DeprecationWarning: for_update parameter is deprecated and will be removed in v15.
  frappe.db.set_value(
/home/frappe/frappe-bench/apps/frappe/frappe/model/document.py:1166: DeprecationWarning: for_update parameter is deprecated and will be removed in v15.
  frappe.db.set_value(
/home/frappe/frappe-bench/apps/frappe/frappe/model/document.py:1166: DeprecationWarning: for_update parameter is deprecated and will be removed in v15.
  frappe.db.set_value(
/usr/lib/python3.10/functools.py:981: UserWarning: The 'filters_config' hook used to add custom operators is not yet implemented in frappe.db.query engine. Use db_query (frappe.get_list) instead.
  val = self.func(instance)
/home/frappe/frappe-bench/apps/frappe/frappe/model/document.py:1166: DeprecationWarning: for_update parameter is deprecated and will be removed in v15.
  frappe.db.set_value(
/home/frappe/frappe-bench/apps/frappe/frappe/model/document.py:1166: DeprecationWarning: for_update parameter is deprecated and will be removed in v15.
  frappe.db.set_value(
/home/frappe/frappe-bench/apps/frappe/frappe/model/document.py:1166: DeprecationWarning: for_update parameter is deprecated and will be removed in v15.
  frappe.db.set_value(
/usr/lib/python3.10/functools.py:981: UserWarning: The 'filters_config' hook used to add custom operators is not yet implemented in frappe.db.query engine. Use db_query (frappe.get_list) instead.
  val = self.func(instance)
/home/frappe/frappe-bench/apps/frappe/frappe/model/document.py:1166: DeprecationWarning: for_update parameter is deprecated and will be removed in v15.
  frappe.db.set_value(
/home/frappe/frappe-bench/apps/frappe/frappe/model/document.py:1166: DeprecationWarning: for_update parameter is deprecated and will be removed in v15.
  frappe.db.set_value(
/home/frappe/frappe-bench/apps/frappe/frappe/model/document.py:1166: DeprecationWarning: for_update parameter is deprecated and will be removed in v15.
  frappe.db.set_value(
/usr/lib/python3.10/functools.py:981: UserWarning: The 'filters_config' hook used to add custom operators is not yet implemented in frappe.db.query engine. Use db_query (frappe.get_list) instead.
  val = self.func(instance)
/home/frappe/frappe-bench/apps/frappe/frappe/model/document.py:1166: DeprecationWarning: for_update parameter is deprecated and will be removed in v15.
  frappe.db.set_value(
/home/frappe/frappe-bench/apps/frappe/frappe/model/document.py:1166: DeprecationWarning: for_update parameter is deprecated and will be removed in v15.
  frappe.db.set_value(
/home/frappe/frappe-bench/apps/frappe/frappe/model/document.py:1166: DeprecationWarning: for_update parameter is deprecated and will be removed in v15.
  frappe.db.set_value(
/usr/lib/python3.10/functools.py:981: UserWarning: The 'filters_config' hook used to add custom operators is not yet implemented in frappe.db.query engine. Use db_query (frappe.get_list) instead.
  val = self.func(instance)
/home/frappe/frappe-bench/apps/frappe/frappe/model/document.py:1166: DeprecationWarning: for_update parameter is deprecated and will be removed in v15.
  frappe.db.set_value(
/home/frappe/frappe-bench/apps/frappe/frappe/model/document.py:1166: DeprecationWarning: for_update parameter is deprecated and will be removed in v15.
  frappe.db.set_value(
/home/frappe/frappe-bench/apps/frappe/frappe/model/document.py:1166: DeprecationWarning: for_update parameter is deprecated and will be removed in v15.
  frappe.db.set_value(
/usr/lib/python3.10/functools.py:981: UserWarning: The 'filters_config' hook used to add custom operators is not yet implemented in frappe.db.query engine. Use db_query (frappe.get_list) instead.
  val = self.func(instance)
/home/frappe/frappe-bench/apps/frappe/frappe/model/document.py:1166: DeprecationWarning: for_update parameter is deprecated and will be removed in v15.
  frappe.db.set_value(
/home/frappe/frappe-bench/apps/frappe/frappe/model/document.py:1166: DeprecationWarning: for_update parameter is deprecated and will be removed in v15.
  frappe.db.set_value(
/home/frappe/frappe-bench/apps/frappe/frappe/model/document.py:1166: DeprecationWarning: for_update parameter is deprecated and will be removed in v15.
  frappe.db.set_value(
/usr/lib/python3.10/functools.py:981: UserWarning: The 'filters_config' hook used to add custom operators is not yet implemented in frappe.db.query engine. Use db_query (frappe.get_list) instead.
  val = self.func(instance)
/home/frappe/frappe-bench/apps/frappe/frappe/model/document.py:1166: DeprecationWarning: for_update parameter is deprecated and will be removed in v15.
  frappe.db.set_value(
/home/frappe/frappe-bench/apps/frappe/frappe/model/document.py:1166: DeprecationWarning: for_update parameter is deprecated and will be removed in v15.
  frappe.db.set_value(
/home/frappe/frappe-bench/apps/frappe/frappe/model/document.py:1166: DeprecationWarning: for_update parameter is deprecated and will be removed in v15.
  frappe.db.set_value(
/usr/lib/python3.10/functools.py:981: UserWarning: The 'filters_config' hook used to add custom operators is not yet implemented in frappe.db.query engine. Use db_query (frappe.get_list) instead.
  val = self.func(instance)
/home/frappe/frappe-bench/apps/frappe/frappe/model/document.py:1166: DeprecationWarning: for_update parameter is deprecated and will be removed in v15.
  frappe.db.set_value(
/usr/lib/python3.10/functools.py:981: UserWarning: The 'filters_config' hook used to add custom operators is not yet implemented in frappe.db.query engine. Use db_query (frappe.get_list) instead.
  val = self.func(instance)
/home/frappe/frappe-bench/apps/frappe/frappe/model/document.py:1166: DeprecationWarning: for_update parameter is deprecated and will be removed in v15.
  frappe.db.set_value(
/home/frappe/frappe-bench/apps/frappe/frappe/model/document.py:1166: DeprecationWarning: for_update parameter is deprecated and will be removed in v15.
  frappe.db.set_value(
/usr/lib/python3.10/functools.py:981: UserWarning: The 'filters_config' hook used to add custom operators is not yet implemented in frappe.db.query engine. Use db_query (frappe.get_list) instead.
  val = self.func(instance)
/usr/lib/python3.10/functools.py:981: UserWarning: The 'filters_config' hook used to add custom operators is not yet implemented in frappe.db.query engine. Use db_query (frappe.get_list) instead.
  val = self.func(instance)
/home/frappe/frappe-bench/apps/frappe/frappe/model/document.py:1166: DeprecationWarning: for_update parameter is deprecated and will be removed in v15.
  frappe.db.set_value(
/home/frappe/frappe-bench/apps/frappe/frappe/model/document.py:1166: DeprecationWarning: for_update parameter is deprecated and will be removed in v15.
  frappe.db.set_value(
/home/frappe/frappe-bench/apps/frappe/frappe/model/document.py:1166: DeprecationWarning: for_update parameter is deprecated and will be removed in v15.
  frappe.db.set_value(
/home/frappe/frappe-bench/apps/frappe/frappe/model/document.py:1166: DeprecationWarning: for_update parameter is deprecated and will be removed in v15.
  frappe.db.set_value(
/home/frappe/frappe-bench/apps/frappe/frappe/model/document.py:1166: DeprecationWarning: for_update parameter is deprecated and will be removed in v15.
  frappe.db.set_value(
/usr/lib/python3.10/functools.py:981: UserWarning: The 'filters_config' hook used to add custom operators is not yet implemented in frappe.db.query engine. Use db_query (frappe.get_list) instead.
  val = self.func(instance)
/home/frappe/frappe-bench/apps/frappe/frappe/model/document.py:1166: DeprecationWarning: for_update parameter is deprecated and will be removed in v15.
  frappe.db.set_value(
/home/frappe/frappe-bench/apps/frappe/frappe/model/document.py:1166: DeprecationWarning: for_update parameter is deprecated and will be removed in v15.
  frappe.db.set_value(
/home/frappe/frappe-bench/apps/frappe/frappe/model/document.py:1166: DeprecationWarning: for_update parameter is deprecated and will be removed in v15.
  frappe.db.set_value(
/home/frappe/frappe-bench/apps/frappe/frappe/model/document.py:1166: DeprecationWarning: for_update parameter is deprecated and will be removed in v15.
  frappe.db.set_value(
/usr/lib/python3.10/functools.py:981: UserWarning: The 'filters_config' hook used to add custom operators is not yet implemented in frappe.db.query engine. Use db_query (frappe.get_list) instead.
  val = self.func(instance)
/home/frappe/frappe-bench/apps/frappe/frappe/model/document.py:1166: DeprecationWarning: for_update parameter is deprecated and will be removed in v15.
  frappe.db.set_value(
/home/frappe/frappe-bench/apps/frappe/frappe/model/document.py:1166: DeprecationWarning: for_update parameter is deprecated and will be removed in v15.
  frappe.db.set_value(
/home/frappe/frappe-bench/apps/frappe/frappe/model/document.py:1166: DeprecationWarning: for_update parameter is deprecated and will be removed in v15.
  frappe.db.set_value(
/usr/lib/python3.10/functools.py:981: UserWarning: The 'filters_config' hook used to add custom operators is not yet implemented in frappe.db.query engine. Use db_query (frappe.get_list) instead.
  val = self.func(instance)
/home/frappe/frappe-bench/apps/frappe/frappe/model/document.py:1166: DeprecationWarning: for_update parameter is deprecated and will be removed in v15.
  frappe.db.set_value(
/home/frappe/frappe-bench/apps/frappe/frappe/model/document.py:1166: DeprecationWarning: for_update parameter is deprecated and will be removed in v15.
  frappe.db.set_value(
/home/frappe/frappe-bench/apps/frappe/frappe/model/document.py:1166: DeprecationWarning: for_update parameter is deprecated and will be removed in v15.
  frappe.db.set_value(
/usr/lib/python3.10/functools.py:981: UserWarning: The 'filters_config' hook used to add custom operators is not yet implemented in frappe.db.query engine. Use db_query (frappe.get_list) instead.
  val = self.func(instance)
/home/frappe/frappe-bench/apps/frappe/frappe/model/document.py:1166: DeprecationWarning: for_update parameter is deprecated and will be removed in v15.
  frappe.db.set_value(
/usr/lib/python3.10/functools.py:981: UserWarning: The 'filters_config' hook used to add custom operators is not yet implemented in frappe.db.query engine. Use db_query (frappe.get_list) instead.
  val = self.func(instance)
/home/frappe/frappe-bench/apps/frappe/frappe/model/document.py:1166: DeprecationWarning: for_update parameter is deprecated and will be removed in v15.
  frappe.db.set_value(
/home/frappe/frappe-bench/apps/frappe/frappe/model/document.py:1166: DeprecationWarning: for_update parameter is deprecated and will be removed in v15.
  frappe.db.set_value(
/home/frappe/frappe-bench/apps/frappe/frappe/model/document.py:1166: DeprecationWarning: for_update parameter is deprecated and will be removed in v15.
  frappe.db.set_value(
/usr/lib/python3.10/functools.py:981: UserWarning: The 'filters_config' hook used to add custom operators is not yet implemented in frappe.db.query engine. Use db_query (frappe.get_list) instead.
  val = self.func(instance)
/home/frappe/frappe-bench/apps/frappe/frappe/model/document.py:1166: DeprecationWarning: for_update parameter is deprecated and will be removed in v15.
  frappe.db.set_value(
/home/frappe/frappe-bench/apps/frappe/frappe/model/document.py:1166: DeprecationWarning: for_update parameter is deprecated and will be removed in v15.
  frappe.db.set_value(
/home/frappe/frappe-bench/apps/frappe/frappe/model/document.py:1166: DeprecationWarning: for_update parameter is deprecated and will be removed in v15.
  frappe.db.set_value(
/usr/lib/python3.10/functools.py:981: UserWarning: The 'filters_config' hook used to add custom operators is not yet implemented in frappe.db.query engine. Use db_query (frappe.get_list) instead.
  val = self.func(instance)
/home/frappe/frappe-bench/apps/frappe/frappe/model/document.py:1166: DeprecationWarning: for_update parameter is deprecated and will be removed in v15.
  frappe.db.set_value(
/home/frappe/frappe-bench/apps/frappe/frappe/model/document.py:1166: DeprecationWarning: for_update parameter is deprecated and will be removed in v15.
  frappe.db.set_value(
/home/frappe/frappe-bench/apps/frappe/frappe/model/document.py:1166: DeprecationWarning: for_update parameter is deprecated and will be removed in v15.
  frappe.db.set_value(
/usr/lib/python3.10/functools.py:981: UserWarning: The 'filters_config' hook used to add custom operators is not yet implemented in frappe.db.query engine. Use db_query (frappe.get_list) instead.
  val = self.func(instance)
/home/frappe/frappe-bench/apps/frappe/frappe/model/document.py:1166: DeprecationWarning: for_update parameter is deprecated and will be removed in v15.
  frappe.db.set_value(
/home/frappe/frappe-bench/apps/frappe/frappe/model/document.py:1166: DeprecationWarning: for_update parameter is deprecated and will be removed in v15.
  frappe.db.set_value(
/home/frappe/frappe-bench/apps/frappe/frappe/model/document.py:1166: DeprecationWarning: for_update parameter is deprecated and will be removed in v15.
  frappe.db.set_value(
/usr/lib/python3.10/functools.py:981: UserWarning: The 'filters_config' hook used to add custom operators is not yet implemented in frappe.db.query engine. Use db_query (frappe.get_list) instead.
  val = self.func(instance)
/home/frappe/frappe-bench/apps/frappe/frappe/model/document.py:1166: DeprecationWarning: for_update parameter is deprecated and will be removed in v15.
  frappe.db.set_value(
/home/frappe/frappe-bench/apps/frappe/frappe/model/document.py:1166: DeprecationWarning: for_update parameter is deprecated and will be removed in v15.
  frappe.db.set_value(
/home/frappe/frappe-bench/apps/frappe/frappe/model/document.py:1166: DeprecationWarning: for_update parameter is deprecated and will be removed in v15.
  frappe.db.set_value(
/usr/lib/python3.10/functools.py:981: UserWarning: The 'filters_config' hook used to add custom operators is not yet implemented in frappe.db.query engine. Use db_query (frappe.get_list) instead.
  val = self.func(instance)
/home/frappe/frappe-bench/apps/frappe/frappe/model/document.py:1166: DeprecationWarning: for_update parameter is deprecated and will be removed in v15.
  frappe.db.set_value(
/home/frappe/frappe-bench/apps/frappe/frappe/model/document.py:1166: DeprecationWarning: for_update parameter is deprecated and will be removed in v15.
  frappe.db.set_value(
/home/frappe/frappe-bench/apps/frappe/frappe/model/document.py:1166: DeprecationWarning: for_update parameter is deprecated and will be removed in v15.
  frappe.db.set_value(
/usr/lib/python3.10/functools.py:981: UserWarning: The 'filters_config' hook used to add custom operators is not yet implemented in frappe.db.query engine. Use db_query (frappe.get_list) instead.
  val = self.func(instance)
/home/frappe/frappe-bench/apps/frappe/frappe/model/document.py:1166: DeprecationWarning: for_update parameter is deprecated and will be removed in v15.
  frappe.db.set_value(
/home/frappe/frappe-bench/apps/frappe/frappe/model/document.py:1166: DeprecationWarning: for_update parameter is deprecated and will be removed in v15.
  frappe.db.set_value(
/home/frappe/frappe-bench/apps/frappe/frappe/model/document.py:1166: DeprecationWarning: for_update parameter is deprecated and will be removed in v15.
  frappe.db.set_value(
/usr/lib/python3.10/functools.py:981: UserWarning: The 'filters_config' hook used to add custom operators is not yet implemented in frappe.db.query engine. Use db_query (frappe.get_list) instead.
  val = self.func(instance)
/home/frappe/frappe-bench/apps/frappe/frappe/model/document.py:1166: DeprecationWarning: for_update parameter is deprecated and will be removed in v15.
  frappe.db.set_value(
/home/frappe/frappe-bench/apps/frappe/frappe/model/document.py:1166: DeprecationWarning: for_update parameter is deprecated and will be removed in v15.
  frappe.db.set_value(
/home/frappe/frappe-bench/apps/frappe/frappe/model/document.py:1166: DeprecationWarning: for_update parameter is deprecated and will be removed in v15.
  frappe.db.set_value(
/usr/lib/python3.10/functools.py:981: UserWarning: The 'filters_config' hook used to add custom operators is not yet implemented in frappe.db.query engine. Use db_query (frappe.get_list) instead.
  val = self.func(instance)
/home/frappe/frappe-bench/apps/frappe/frappe/model/document.py:1166: DeprecationWarning: for_update parameter is deprecated and will be removed in v15.
  frappe.db.set_value(
/home/frappe/frappe-bench/apps/frappe/frappe/model/document.py:1166: DeprecationWarning: for_update parameter is deprecated and will be removed in v15.
  frappe.db.set_value(
/home/frappe/frappe-bench/apps/frappe/frappe/model/document.py:1166: DeprecationWarning: for_update parameter is deprecated and will be removed in v15.
  frappe.db.set_value(
/usr/lib/python3.10/functools.py:981: UserWarning: The 'filters_config' hook used to add custom operators is not yet implemented in frappe.db.query engine. Use db_query (frappe.get_list) instead.
  val = self.func(instance)
/home/frappe/frappe-bench/apps/frappe/frappe/model/document.py:1166: DeprecationWarning: for_update parameter is deprecated and will be removed in v15.
  frappe.db.set_value(
/home/frappe/frappe-bench/apps/frappe/frappe/model/document.py:1166: DeprecationWarning: for_update parameter is deprecated and will be removed in v15.
  frappe.db.set_value(
/home/frappe/frappe-bench/apps/frappe/frappe/model/document.py:1166: DeprecationWarning: for_update parameter is deprecated and will be removed in v15.
  frappe.db.set_value(
/usr/lib/python3.10/functools.py:981: UserWarning: The 'filters_config' hook used to add custom operators is not yet implemented in frappe.db.query engine. Use db_query (frappe.get_list) instead.
  val = self.func(instance)
/home/frappe/frappe-bench/apps/frappe/frappe/model/document.py:1166: DeprecationWarning: for_update parameter is deprecated and will be removed in v15.
  frappe.db.set_value(
/home/frappe/frappe-bench/apps/frappe/frappe/model/document.py:1166: DeprecationWarning: for_update parameter is deprecated and will be removed in v15.
  frappe.db.set_value(
/home/frappe/frappe-bench/apps/frappe/frappe/model/document.py:1166: DeprecationWarning: for_update parameter is deprecated and will be removed in v15.
  frappe.db.set_value(
/usr/lib/python3.10/functools.py:981: UserWarning: The 'filters_config' hook used to add custom operators is not yet implemented in frappe.db.query engine. Use db_query (frappe.get_list) instead.
  val = self.func(instance)
/home/frappe/frappe-bench/apps/frappe/frappe/model/document.py:1166: DeprecationWarning: for_update parameter is deprecated and will be removed in v15.
  frappe.db.set_value(
/home/frappe/frappe-bench/apps/frappe/frappe/model/document.py:1166: DeprecationWarning: for_update parameter is deprecated and will be removed in v15.
  frappe.db.set_value(
/home/frappe/frappe-bench/apps/frappe/frappe/model/document.py:1166: DeprecationWarning: for_update parameter is deprecated and will be removed in v15.
  frappe.db.set_value(
/usr/lib/python3.10/functools.py:981: UserWarning: The 'filters_config' hook used to add custom operators is not yet implemented in frappe.db.query engine. Use db_query (frappe.get_list) instead.
  val = self.func(instance)
/home/frappe/frappe-bench/apps/frappe/frappe/model/document.py:1166: DeprecationWarning: for_update parameter is deprecated and will be removed in v15.
  frappe.db.set_value(
/home/frappe/frappe-bench/apps/frappe/frappe/model/document.py:1166: DeprecationWarning: for_update parameter is deprecated and will be removed in v15.
  frappe.db.set_value(
/home/frappe/frappe-bench/apps/frappe/frappe/model/document.py:1166: DeprecationWarning: for_update parameter is deprecated and will be removed in v15.
  frappe.db.set_value(
/usr/lib/python3.10/functools.py:981: UserWarning: The 'filters_config' hook used to add custom operators is not yet implemented in frappe.db.query engine. Use db_query (frappe.get_list) instead.
  val = self.func(instance)
/home/frappe/frappe-bench/apps/frappe/frappe/model/document.py:1166: DeprecationWarning: for_update parameter is deprecated and will be removed in v15.
  frappe.db.set_value(
/home/frappe/frappe-bench/apps/frappe/frappe/model/document.py:1166: DeprecationWarning: for_update parameter is deprecated and will be removed in v15.
  frappe.db.set_value(
/home/frappe/frappe-bench/apps/frappe/frappe/model/document.py:1166: DeprecationWarning: for_update parameter is deprecated and will be removed in v15.
  frappe.db.set_value(
/usr/lib/python3.10/functools.py:981: UserWarning: The 'filters_config' hook used to add custom operators is not yet implemented in frappe.db.query engine. Use db_query (frappe.get_list) instead.
  val = self.func(instance)
/home/frappe/frappe-bench/apps/frappe/frappe/model/document.py:1166: DeprecationWarning: for_update parameter is deprecated and will be removed in v15.
  frappe.db.set_value(
/home/frappe/frappe-bench/apps/frappe/frappe/model/document.py:1166: DeprecationWarning: for_update parameter is deprecated and will be removed in v15.
  frappe.db.set_value(
/home/frappe/frappe-bench/apps/frappe/frappe/model/document.py:1166: DeprecationWarning: for_update parameter is deprecated and will be removed in v15.
  frappe.db.set_value(
/usr/lib/python3.10/functools.py:981: UserWarning: The 'filters_config' hook used to add custom operators is not yet implemented in frappe.db.query engine. Use db_query (frappe.get_list) instead.
  val = self.func(instance)
/home/frappe/frappe-bench/apps/frappe/frappe/model/document.py:1166: DeprecationWarning: for_update parameter is deprecated and will be removed in v15.
  frappe.db.set_value(
/home/frappe/frappe-bench/apps/frappe/frappe/model/document.py:1166: DeprecationWarning: for_update parameter is deprecated and will be removed in v15.
  frappe.db.set_value(
/home/frappe/frappe-bench/apps/frappe/frappe/model/document.py:1166: DeprecationWarning: for_update parameter is deprecated and will be removed in v15.
  frappe.db.set_value(
/usr/lib/python3.10/functools.py:981: UserWarning: The 'filters_config' hook used to add custom operators is not yet implemented in frappe.db.query engine. Use db_query (frappe.get_list) instead.
  val = self.func(instance)
/home/frappe/frappe-bench/apps/frappe/frappe/model/document.py:1166: DeprecationWarning: for_update parameter is deprecated and will be removed in v15.
  frappe.db.set_value(
/home/frappe/frappe-bench/apps/frappe/frappe/model/document.py:1166: DeprecationWarning: for_update parameter is deprecated and will be removed in v15.
  frappe.db.set_value(
/home/frappe/frappe-bench/apps/frappe/frappe/model/document.py:1166: DeprecationWarning: for_update parameter is deprecated and will be removed in v15.
  frappe.db.set_value(
/usr/lib/python3.10/functools.py:981: UserWarning: The 'filters_config' hook used to add custom operators is not yet implemented in frappe.db.query engine. Use db_query (frappe.get_list) instead.
  val = self.func(instance)
/home/frappe/frappe-bench/apps/frappe/frappe/model/document.py:1166: DeprecationWarning: for_update parameter is deprecated and will be removed in v15.
  frappe.db.set_value(
/home/frappe/frappe-bench/apps/frappe/frappe/model/document.py:1166: DeprecationWarning: for_update parameter is deprecated and will be removed in v15.
  frappe.db.set_value(
/home/frappe/frappe-bench/apps/frappe/frappe/model/document.py:1166: DeprecationWarning: for_update parameter is deprecated and will be removed in v15.
  frappe.db.set_value(
/usr/lib/python3.10/functools.py:981: UserWarning: The 'filters_config' hook used to add custom operators is not yet implemented in frappe.db.query engine. Use db_query (frappe.get_list) instead.
  val = self.func(instance)
/home/frappe/frappe-bench/apps/frappe/frappe/model/document.py:1166: DeprecationWarning: for_update parameter is deprecated and will be removed in v15.
  frappe.db.set_value(
/home/frappe/frappe-bench/apps/frappe/frappe/model/document.py:1166: DeprecationWarning: for_update parameter is deprecated and will be removed in v15.
  frappe.db.set_value(
/home/frappe/frappe-bench/apps/frappe/frappe/model/document.py:1166: DeprecationWarning: for_update parameter is deprecated and will be removed in v15.
  frappe.db.set_value(
/usr/lib/python3.10/functools.py:981: UserWarning: The 'filters_config' hook used to add custom operators is not yet implemented in frappe.db.query engine. Use db_query (frappe.get_list) instead.
  val = self.func(instance)
/home/frappe/frappe-bench/apps/frappe/frappe/model/document.py:1166: DeprecationWarning: for_update parameter is deprecated and will be removed in v15.
  frappe.db.set_value(
/home/frappe/frappe-bench/apps/frappe/frappe/model/document.py:1166: DeprecationWarning: for_update parameter is deprecated and will be removed in v15.
  frappe.db.set_value(
/home/frappe/frappe-bench/apps/frappe/frappe/model/document.py:1166: DeprecationWarning: for_update parameter is deprecated and will be removed in v15.
  frappe.db.set_value(
/usr/lib/python3.10/functools.py:981: UserWarning: The 'filters_config' hook used to add custom operators is not yet implemented in frappe.db.query engine. Use db_query (frappe.get_list) instead.
  val = self.func(instance)
/home/frappe/frappe-bench/apps/frappe/frappe/model/document.py:1166: DeprecationWarning: for_update parameter is deprecated and will be removed in v15.
  frappe.db.set_value(
/home/frappe/frappe-bench/apps/frappe/frappe/model/document.py:1166: DeprecationWarning: for_update parameter is deprecated and will be removed in v15.
  frappe.db.set_value(
/home/frappe/frappe-bench/apps/frappe/frappe/model/document.py:1166: DeprecationWarning: for_update parameter is deprecated and will be removed in v15.
  frappe.db.set_value(
/usr/lib/python3.10/functools.py:981: UserWarning: The 'filters_config' hook used to add custom operators is not yet implemented in frappe.db.query engine. Use db_query (frappe.get_list) instead.
  val = self.func(instance)
/home/frappe/frappe-bench/apps/frappe/frappe/model/document.py:1166: DeprecationWarning: for_update parameter is deprecated and will be removed in v15.
  frappe.db.set_value(
/home/frappe/frappe-bench/apps/frappe/frappe/model/document.py:1166: DeprecationWarning: for_update parameter is deprecated and will be removed in v15.
  frappe.db.set_value(
/home/frappe/frappe-bench/apps/frappe/frappe/model/document.py:1166: DeprecationWarning: for_update parameter is deprecated and will be removed in v15.
  frappe.db.set_value(
/usr/lib/python3.10/functools.py:981: UserWarning: The 'filters_config' hook used to add custom operators is not yet implemented in frappe.db.query engine. Use db_query (frappe.get_list) instead.
  val = self.func(instance)
/home/frappe/frappe-bench/apps/frappe/frappe/model/document.py:1166: DeprecationWarning: for_update parameter is deprecated and will be removed in v15.
  frappe.db.set_value(
/home/frappe/frappe-bench/apps/frappe/frappe/model/document.py:1166: DeprecationWarning: for_update parameter is deprecated and will be removed in v15.
  frappe.db.set_value(
/home/frappe/frappe-bench/apps/frappe/frappe/model/document.py:1166: DeprecationWarning: for_update parameter is deprecated and will be removed in v15.
  frappe.db.set_value(
/usr/lib/python3.10/functools.py:981: UserWarning: The 'filters_config' hook used to add custom operators is not yet implemented in frappe.db.query engine. Use db_query (frappe.get_list) instead.
  val = self.func(instance)
/home/frappe/frappe-bench/apps/frappe/frappe/model/document.py:1166: DeprecationWarning: for_update parameter is deprecated and will be removed in v15.
  frappe.db.set_value(
/home/frappe/frappe-bench/apps/frappe/frappe/model/document.py:1166: DeprecationWarning: for_update parameter is deprecated and will be removed in v15.
  frappe.db.set_value(
/home/frappe/frappe-bench/apps/frappe/frappe/model/document.py:1166: DeprecationWarning: for_update parameter is deprecated and will be removed in v15.
  frappe.db.set_value(
/usr/lib/python3.10/functools.py:981: UserWarning: The 'filters_config' hook used to add custom operators is not yet implemented in frappe.db.query engine. Use db_query (frappe.get_list) instead.
  val = self.func(instance)
/home/frappe/frappe-bench/apps/frappe/frappe/model/document.py:1166: DeprecationWarning: for_update parameter is deprecated and will be removed in v15.
  frappe.db.set_value(
/home/frappe/frappe-bench/apps/frappe/frappe/model/document.py:1166: DeprecationWarning: for_update parameter is deprecated and will be removed in v15.
  frappe.db.set_value(
/home/frappe/frappe-bench/apps/frappe/frappe/model/document.py:1166: DeprecationWarning: for_update parameter is deprecated and will be removed in v15.
  frappe.db.set_value(
/usr/lib/python3.10/functools.py:981: UserWarning: The 'filters_config' hook used to add custom operators is not yet implemented in frappe.db.query engine. Use db_query (frappe.get_list) instead.
  val = self.func(instance)
/home/frappe/frappe-bench/apps/frappe/frappe/model/document.py:1166: DeprecationWarning: for_update parameter is deprecated and will be removed in v15.
  frappe.db.set_value(
/home/frappe/frappe-bench/apps/frappe/frappe/model/document.py:1166: DeprecationWarning: for_update parameter is deprecated and will be removed in v15.
  frappe.db.set_value(
/home/frappe/frappe-bench/apps/frappe/frappe/model/document.py:1166: DeprecationWarning: for_update parameter is deprecated and will be removed in v15.
  frappe.db.set_value(
/usr/lib/python3.10/functools.py:981: UserWarning: The 'filters_config' hook used to add custom operators is not yet implemented in frappe.db.query engine. Use db_query (frappe.get_list) instead.
  val = self.func(instance)
/home/frappe/frappe-bench/apps/frappe/frappe/model/document.py:1166: DeprecationWarning: for_update parameter is deprecated and will be removed in v15.
  frappe.db.set_value(
/usr/lib/python3.10/functools.py:981: UserWarning: The 'filters_config' hook used to add custom operators is not yet implemented in frappe.db.query engine. Use db_query (frappe.get_list) instead.
  val = self.func(instance)
/home/frappe/frappe-bench/apps/frappe/frappe/model/document.py:1166: DeprecationWarning: for_update parameter is deprecated and will be removed in v15.
  frappe.db.set_value(
/usr/lib/python3.10/functools.py:981: UserWarning: The 'filters_config' hook used to add custom operators is not yet implemented in frappe.db.query engine. Use db_query (frappe.get_list) instead.
  val = self.func(instance)
/home/frappe/frappe-bench/apps/frappe/frappe/model/document.py:1166: DeprecationWarning: for_update parameter is deprecated and will be removed in v15.
  frappe.db.set_value(
/usr/lib/python3.10/functools.py:981: UserWarning: The 'filters_config' hook used to add custom operators is not yet implemented in frappe.db.query engine. Use db_query (frappe.get_list) instead.
  val = self.func(instance)
/home/frappe/frappe-bench/apps/frappe/frappe/model/document.py:1166: DeprecationWarning: for_update parameter is deprecated and will be removed in v15.
  frappe.db.set_value(
/usr/lib/python3.10/functools.py:981: UserWarning: The 'filters_config' hook used to add custom operators is not yet implemented in frappe.db.query engine. Use db_query (frappe.get_list) instead.
  val = self.func(instance)
/home/frappe/frappe-bench/apps/frappe/frappe/model/document.py:1166: DeprecationWarning: for_update parameter is deprecated and will be removed in v15.
  frappe.db.set_value(
/usr/lib/python3.10/functools.py:981: UserWarning: The 'filters_config' hook used to add custom operators is not yet implemented in frappe.db.query engine. Use db_query (frappe.get_list) instead.
  val = self.func(instance)
/home/frappe/frappe-bench/apps/frappe/frappe/model/document.py:1166: DeprecationWarning: for_update parameter is deprecated and will be removed in v15.
  frappe.db.set_value(
/home/frappe/frappe-bench/apps/frappe/frappe/model/document.py:1166: DeprecationWarning: for_update parameter is deprecated and will be removed in v15.
  frappe.db.set_value(
/home/frappe/frappe-bench/apps/frappe/frappe/model/document.py:1166: DeprecationWarning: for_update parameter is deprecated and will be removed in v15.
  frappe.db.set_value(
/usr/lib/python3.10/functools.py:981: UserWarning: The 'filters_config' hook used to add custom operators is not yet implemented in frappe.db.query engine. Use db_query (frappe.get_list) instead.
  val = self.func(instance)
/home/frappe/frappe-bench/apps/frappe/frappe/model/document.py:1166: DeprecationWarning: for_update parameter is deprecated and will be removed in v15.
  frappe.db.set_value(
/home/frappe/frappe-bench/apps/frappe/frappe/model/document.py:1166: DeprecationWarning: for_update parameter is deprecated and will be removed in v15.
  frappe.db.set_value(
/home/frappe/frappe-bench/apps/frappe/frappe/model/document.py:1166: DeprecationWarning: for_update parameter is deprecated and will be removed in v15.
  frappe.db.set_value(
/usr/lib/python3.10/functools.py:981: UserWarning: The 'filters_config' hook used to add custom operators is not yet implemented in frappe.db.query engine. Use db_query (frappe.get_list) instead.
  val = self.func(instance)
/home/frappe/frappe-bench/apps/frappe/frappe/model/document.py:1166: DeprecationWarning: for_update parameter is deprecated and will be removed in v15.
  frappe.db.set_value(
/home/frappe/frappe-bench/apps/frappe/frappe/model/document.py:1166: DeprecationWarning: for_update parameter is deprecated and will be removed in v15.
  frappe.db.set_value(
/home/frappe/frappe-bench/apps/frappe/frappe/model/document.py:1166: DeprecationWarning: for_update parameter is deprecated and will be removed in v15.
  frappe.db.set_value(
/usr/lib/python3.10/functools.py:981: UserWarning: The 'filters_config' hook used to add custom operators is not yet implemented in frappe.db.query engine. Use db_query (frappe.get_list) instead.
  val = self.func(instance)
/usr/lib/python3.10/functools.py:981: UserWarning: The 'filters_config' hook used to add custom operators is not yet implemented in frappe.db.query engine. Use db_query (frappe.get_list) instead.
  val = self.func(instance)
Exception in thread Thread-1:
Traceback (most recent call last):
  File "/usr/lib/python3.10/threading.py", line 1016, in _bootstrap_inner
    self.run()
  File "/home/frappe/frappe-bench/env/lib/python3.10/site-packages/redis/client.py", line 3718, in run
    pubsub.get_message(ignore_subscribe_messages=True,
  File "/home/frappe/frappe-bench/env/lib/python3.10/site-packages/redis/client.py", line 3617, in get_message
    response = self.parse_response(block=False, timeout=timeout)
  File "/home/frappe/frappe-bench/env/lib/python3.10/site-packages/redis/client.py", line 3503, in parse_response
    if not block and not conn.can_read(timeout=timeout):
  File "/home/frappe/frappe-bench/env/lib/python3.10/site-packages/redis/connection.py", line 734, in can_read
    return self._parser.can_read(timeout)
  File "/home/frappe/frappe-bench/env/lib/python3.10/site-packages/redis/connection.py", line 416, in can_read
    return self.read_from_socket(timeout=timeout,
  File "/home/frappe/frappe-bench/env/lib/python3.10/site-packages/redis/connection.py", line 429, in read_from_socket
    raise ConnectionError(SERVER_CLOSED_CONNECTION_ERROR)
redis.exceptions.ConnectionError: Connection closed by server.
Exception in thread Thread-1:
Traceback (most recent call last):
  File "/usr/lib/python3.10/threading.py", line 1016, in _bootstrap_inner
    self.run()
  File "/home/frappe/frappe-bench/env/lib/python3.10/site-packages/redis/client.py", line 3718, in run
    pubsub.get_message(ignore_subscribe_messages=True,
  File "/home/frappe/frappe-bench/env/lib/python3.10/site-packages/redis/client.py", line 3617, in get_message
    response = self.parse_response(block=False, timeout=timeout)
  File "/home/frappe/frappe-bench/env/lib/python3.10/site-packages/redis/client.py", line 3503, in parse_response
    if not block and not conn.can_read(timeout=timeout):
  File "/home/frappe/frappe-bench/env/lib/python3.10/site-packages/redis/connection.py", line 734, in can_read
    return self._parser.can_read(timeout)
  File "/home/frappe/frappe-bench/env/lib/python3.10/site-packages/redis/connection.py", line 416, in can_read
    return self.read_from_socket(timeout=timeout,
  File "/home/frappe/frappe-bench/env/lib/python3.10/site-packages/redis/connection.py", line 429, in read_from_socket
    raise ConnectionError(SERVER_CLOSED_CONNECTION_ERROR)
redis.exceptions.ConnectionError: Connection closed by server.
Exception in thread Thread-1:
Traceback (most recent call last):
  File "/usr/lib/python3.10/threading.py", line 1016, in _bootstrap_inner
Exception in thread Thread-1:
Traceback (most recent call last):
  File "/usr/lib/python3.10/threading.py", line 1016, in _bootstrap_inner
    self.run()
  File "/home/frappe/frappe-bench/env/lib/python3.10/site-packages/redis/client.py", line 3718, in run
    pubsub.get_message(ignore_subscribe_messages=True,
  File "/home/frappe/frappe-bench/env/lib/python3.10/site-packages/redis/client.py", line 3617, in get_message
    response = self.parse_response(block=False, timeout=timeout)
  File "/home/frappe/frappe-bench/env/lib/python3.10/site-packages/redis/client.py", line 3503, in parse_response
Exception in thread Thread-1:
Traceback (most recent call last):
  File "/usr/lib/python3.10/threading.py", line 1016, in _bootstrap_inner
    self.run()
  File "/home/frappe/frappe-bench/env/lib/python3.10/site-packages/redis/client.py", line 3718, in run
    pubsub.get_message(ignore_subscribe_messages=True,
  File "/home/frappe/frappe-bench/env/lib/python3.10/site-packages/redis/client.py", line 3617, in get_message
    response = self.parse_response(block=False, timeout=timeout)
  File "/home/frappe/frappe-bench/env/lib/python3.10/site-packages/redis/client.py", line 3503, in parse_response
    self.run()
  File "/home/frappe/frappe-bench/env/lib/python3.10/site-packages/redis/client.py", line 3718, in run
    pubsub.get_message(ignore_subscribe_messages=True,
  File "/home/frappe/frappe-bench/env/lib/python3.10/site-packages/redis/client.py", line 3617, in get_message
    response = self.parse_response(block=False, timeout=timeout)
  File "/home/frappe/frappe-bench/env/lib/python3.10/site-packages/redis/client.py", line 3503, in parse_response
    if not block and not conn.can_read(timeout=timeout):
  File "/home/frappe/frappe-bench/env/lib/python3.10/site-packages/redis/connection.py", line 734, in can_read
    return self._parser.can_read(timeout)
  File "/home/frappe/frappe-bench/env/lib/python3.10/site-packages/redis/connection.py", line 416, in can_read
    return self.read_from_socket(timeout=timeout,
  File "/home/frappe/frappe-bench/env/lib/python3.10/site-packages/redis/connection.py", line 429, in read_from_socket
    raise ConnectionError(SERVER_CLOSED_CONNECTION_ERROR)
redis.exceptions.ConnectionError: Connection closed by server.
    if not block and not conn.can_read(timeout=timeout):
  File "/home/frappe/frappe-bench/env/lib/python3.10/site-packages/redis/connection.py", line 734, in can_read
    return self._parser.can_read(timeout)
  File "/home/frappe/frappe-bench/env/lib/python3.10/site-packages/redis/connection.py", line 416, in can_read
    return self.read_from_socket(timeout=timeout,
  File "/home/frappe/frappe-bench/env/lib/python3.10/site-packages/redis/connection.py", line 429, in read_from_socket
    if not block and not conn.can_read(timeout=timeout):
  File "/home/frappe/frappe-bench/env/lib/python3.10/site-packages/redis/connection.py", line 734, in can_read
    return self._parser.can_read(timeout)
  File "/home/frappe/frappe-bench/env/lib/python3.10/site-packages/redis/connection.py", line 416, in can_read
    return self.read_from_socket(timeout=timeout,
  File "/home/frappe/frappe-bench/env/lib/python3.10/site-packages/redis/connection.py", line 429, in read_from_socket
    raise ConnectionError(SERVER_CLOSED_CONNECTION_ERROR)
redis.exceptions.ConnectionError: Connection closed by server.
    raise ConnectionError(SERVER_CLOSED_CONNECTION_ERROR)
redis.exceptions.ConnectionError: Connection closed by server.
